Conjunto#1
sw inserida em 55
sono inserida em 102
java inserida em 124
cama inserida em 35
[124] : 45875
[55,-1] : 1244
[-1,-1] : 0
[-1,102] : 145
[102,35] : 1597
nenhum resultado.
nenhum resultado.
nenhum resultado.
[124,55] : 1244
nenhum resultado.
[35] : 1452

Conjunto#2
sw inserida em 55
ws inserida em 63
gt inserida em 16
jhg inserida em 15
iiiiii inserida em 11
lpoai inserida em 92
retyw inserida em 31
fghetrsm inserida em 67
oprtygb inserida em 4
cvbfag inserida em 126
mnhdf inserida em 62
uytrrp inserida em 122
rtmcbvsa inserida em 82
amndhg inserida em 0
perruifnvmxa inserida em 116
anbvczpqw inserida em 22
wsdpqamzcbn inserida em 93
pqsmncbdg inserida em 104
cmnbsdd inserida em 70
manshfzp inserida em 3
padbglq inserida em 35
apqmdbgr inserida em 105
cvzrapifge inserida em 7
jhakj inserida em 12
weyrt inserida em 76
dgagd inserida em 99
gsah inserida em 60
qterw inserida em 72
oprt inserida em 20
gahs inserida em 19
ndfb inserida em 85
nasdbs inserida em 30
sdjf inserida em 109
seug inserida em 25
pqwoe inserida em 45
sdgcygas inserida em 102
fdteed inserida em 10
dgsafasr inserida em 81
tyetwevsd inserida em 13
asghsdfdsf inserida em 103
sdghfddfsd inserida em 80
wetwetyew inserida em 42
wuyfd inserida em 75
twefrdf inserida em 41
asghadfdc inserida em 8
pqp inserida em 61
ujhsdhd inserida em 121
sdjhgf inserida em 125
sdiug inserida em 117
sjfg inserida em 115
poertui inserida em 36
sidfgf inserida em 111
ertcbdhdgd inserida em 108
sdfghfshdgf inserida em 74
dgbgvdtetew inserida em 38
hfddjdkl inserida em 107
sono inserida em 46
java inserida em 124
cama inserida em 56
[55] : 1244
nenhum resultado.
[-1,55] : 1244
[63] : 50
[55,63] : 50
[55,63] : 1294
[16] : 45
[63,16] : 45
[63,16] : 95
[15] : 55
[16,15] : 45
[16,15] : 100
[11] : 89
[15,11] : 55
[15,11] : 144
[92] : 5647
[11,92] : 89
[11,92] : 5736
[31] : 456789
[92,31] : 5647
[92,31] : 462436
[67] : 975230
[31,67] : 456789
[31,67] : 1432019
[4] : 3654
[67,4] : 3654
[67,4] : 978884
[126] : 458745
[4,126] : 3654
[4,126] : 462399
[62] : 58236
[126,62] : 58236
[126,62] : 516981
[122] : 145
[62,122] : 145
[62,122] : 58381
[82] : 458
[122,82] : 145
[122,82] : 603
[0] : 65
[82,0] : 65
[82,0] : 523
[116] : 456
[0,116] : 65
[0,116] : 521
[22] : 1568
[116,22] : 456
[116,22] : 2024
[93] : 789
[22,93] : 789
[22,93] : 2357
[104] : 2530
[93,104] : 789
[93,104] : 3319
[70] : 121
[104,70] : 121
[104,70] : 2651
[3] : 563
[70,3] : 121
[70,3] : 684
[35] : 521
[3,35] : 521
[3,35] : 1084
[105] : 4523
[35,105] : 521
[35,105] : 5044
[7] : 258
[105,7] : 258
[105,7] : 4781
[12] : 69
[7,12] : 69
[7,12] : 327
[76] : 78
[12,76] : 69
[12,76] : 147
[99] : 58
[76,99] : 58
[76,99] : 136
[60] : 23
[99,60] : 23
[99,60] : 81
[72] : 123
[60,72] : 23
[60,72] : 146
[20] : 145
[72,20] : 123
[72,20] : 268
[19] : 144
[20,19] : 144
[20,19] : 289
[85] : 789544
[19,85] : 144
[19,85] : 789688
[30] : 2145
[85,30] : 2145
[85,30] : 791689
[109] : 458
[30,109] : 458
[30,109] : 2603
[25] : 1452
[109,25] : 458
[109,25] : 1910
[45] : 48577
[25,45] : 1452
[25,45] : 50029
[102] : 2364
[45,102] : 2364
[45,102] : 50941
[10] : 4579
[102,10] : 2364
[102,10] : 6943
[81] : 3654
[10,81] : 3654
[10,81] : 8233
[13] : 1245
[81,13] : 1245
[81,13] : 4899
[103] : 4587
[13,103] : 1245
[13,103] : 5832
[80] : 78441
[103,80] : 4587
[103,80] : 83028
[42] : 47587
[80,42] : 47587
[80,42] : 126028
[75] : 78451
[42,75] : 47587
[42,75] : 126038
[41] : 32541
[75,41] : 32541
[75,41] : 110992
[8] : 4578
[41,8] : 4578
[41,8] : 37119
[61] : 788445
[8,61] : 4578
[8,61] : 793023
[121] : 1245
[61,121] : 1245
[61,121] : 789690
[125] : 1245
[121,125] : 1245
[121,125] : 2490
[117] : 65478
[125,117] : 1245
[125,117] : 66723
[115] : 325648
[117,115] : 65478
[117,115] : 391126
[36] : 1235479
[115,36] : 325648
[115,36] : 1561127
[111] : 784512
[36,111] : 784512
[36,111] : 2019991
[108] : 125463
[111,108] : 125463
[111,108] : 909975
[74] : 458265
[108,74] : 125463
[108,74] : 583728
[38] : 365489
[74,38] : 365489
[74,38] : 823754
[107] : 210360
[38,107] : 210360
[38,107] : 575849
[46] : 145
[107,46] : 145
[107,46] : 210505
[124] : 45875
[46,124] : 145
[46,124] : 46020
[56] : 1452
[124,56] : 1452
[124,56] : 47327
[56] : 1452
[56,56] : 1452
[56,56] : 2904

Conjunto#3
sw inserida em 55
ws inserida em 63
gt inserida em 16
jhg inserida em 15
iiiiii inserida em 11
lpoai inserida em 92
retyw inserida em 31
fghetrsm inserida em 67
oprtygb inserida em 4
cvbfag inserida em 126
mnhdf inserida em 62
uytrrp inserida em 122
rtmcbvsa inserida em 82
amndhg inserida em 0
perruifnvmxa inserida em 116
anbvczpqw inserida em 22
wsdpqamzcbn inserida em 93
pqsmncbdg inserida em 104
cmnbsdd inserida em 70
manshfzp inserida em 3
padbglq inserida em 35
apqmdbgr inserida em 105
cvzrapifge inserida em 7
jhakj inserida em 12
weyrt inserida em 76
dgagd inserida em 99
gsah inserida em 60
qterw inserida em 72
oprt inserida em 20
gahs inserida em 19
ndfb inserida em 85
nasdbs inserida em 30
sdjf inserida em 109
seug inserida em 25
pqwoe inserida em 45
sdgcygas inserida em 102
fdteed inserida em 10
dgsafasr inserida em 81
tyetwevsd inserida em 13
asghsdfdsf inserida em 103
sdghfddfsd inserida em 80
wetwetyew inserida em 42
wuyfd inserida em 75
twefrdf inserida em 41
asghadfdc inserida em 8
pqp inserida em 61
ujhsdhd inserida em 121
sdjhgf inserida em 125
sdiug inserida em 117
sjfg inserida em 115
poertui inserida em 36
sidfgf inserida em 111
ertcbdhdgd inserida em 108
sdfghfshdgf inserida em 74
dgbgvdtetew inserida em 38
hfddjdkl inserida em 107
sono inserida em 46
java inserida em 124
cama inserida em 56
[55] : 1244
nenhum resultado.
[-1,55] : 1244
[63] : 50
[55,63] : 50
[55,63] : 1294
[16] : 45
[63,16] : 45
[63,16] : 95
[15] : 55
[16,15] : 45
[16,15] : 100
[11] : 89
[15,11] : 55
[15,11] : 144
[92] : 5647
[11,92] : 89
[11,92] : 5736
[31] : 456789
[92,31] : 5647
[92,31] : 462436
[67] : 975230
[31,67] : 456789
[31,67] : 1432019
[4] : 3654
[67,4] : 3654
[67,4] : 978884
[126] : 458745
[4,126] : 3654
[4,126] : 462399
[62] : 58236
[126,62] : 58236
[126,62] : 516981
[122] : 145
[62,122] : 145
[62,122] : 58381
[82] : 458
[122,82] : 145
[122,82] : 603
[0] : 65
[82,0] : 65
[82,0] : 523
[116] : 456
[0,116] : 65
[0,116] : 521
[22] : 1568
[116,22] : 456
[116,22] : 2024
[93] : 789
[22,93] : 789
[22,93] : 2357
[104] : 2530
[93,104] : 789
[93,104] : 3319
[70] : 121
[104,70] : 121
[104,70] : 2651
[3] : 563
[70,3] : 121
[70,3] : 684
[35] : 521
[3,35] : 521
[3,35] : 1084
[105] : 4523
[35,105] : 521
[35,105] : 5044
[7] : 258
[105,7] : 258
[105,7] : 4781
[12] : 69
[7,12] : 69
[7,12] : 327
[76] : 78
[12,76] : 69
[12,76] : 147
[99] : 58
[76,99] : 58
[76,99] : 136
[60] : 23
[99,60] : 23
[99,60] : 81
[72] : 123
[60,72] : 23
[60,72] : 146
[20] : 145
[72,20] : 123
[72,20] : 268
[19] : 144
[20,19] : 144
[20,19] : 289
[85] : 789544
[19,85] : 144
[19,85] : 789688
[30] : 2145
[85,30] : 2145
[85,30] : 791689
[109] : 458
[30,109] : 458
[30,109] : 2603
[25] : 1452
[109,25] : 458
[109,25] : 1910
[45] : 48577
[25,45] : 1452
[25,45] : 50029
[102] : 2364
[45,102] : 2364
[45,102] : 50941
[10] : 4579
[102,10] : 2364
[102,10] : 6943
[81] : 3654
[10,81] : 3654
[10,81] : 8233
[13] : 1245
[81,13] : 1245
[81,13] : 4899
[103] : 4587
[13,103] : 1245
[13,103] : 5832
[80] : 78441
[103,80] : 4587
[103,80] : 83028
[42] : 47587
[80,42] : 47587
[80,42] : 126028
[75] : 78451
[42,75] : 47587
[42,75] : 126038
[41] : 32541
[75,41] : 32541
[75,41] : 110992
[8] : 4578
[41,8] : 4578
[41,8] : 37119
[61] : 788445
[8,61] : 4578
[8,61] : 793023
[121] : 1245
[61,121] : 1245
[61,121] : 789690
[125] : 1245
[121,125] : 1245
[121,125] : 2490
[117] : 65478
[125,117] : 1245
[125,117] : 66723
[115] : 325648
[117,115] : 65478
[117,115] : 391126
[36] : 1235479
[115,36] : 325648
[115,36] : 1561127
[111] : 784512
[36,111] : 784512
[36,111] : 2019991
[108] : 125463
[111,108] : 125463
[111,108] : 909975
[74] : 458265
[108,74] : 125463
[108,74] : 583728
[38] : 365489
[74,38] : 365489
[74,38] : 823754
[107] : 210360
[38,107] : 210360
[38,107] : 575849
[46] : 145
[107,46] : 145
[107,46] : 210505
[124] : 45875
[46,124] : 145
[46,124] : 46020
[56] : 1452
[124,56] : 1452
[124,56] : 47327
[56] : 1452
[56,56] : 1452
[56,56] : 2904

