Conjunto #1
Codigo: 11 esta na raiz.
Codigo: 97 esta no nivel 1 esquerda.
Codigo: 98 esta na raiz.
Codigo: 41 esta no nivel 2 esquerda.
Codigo: 60 esta no nivel 2 esquerda.
Codigo: 32 esta no nivel 2 esquerda.
Codigo: 51 esta no nivel 2 esquerda.
Codigo: 73 esta no nivel 3 esquerda.
Codigo: 57 esta no nivel 2 esquerda.
Codigo: 86 esta no nivel 3 esquerda.

Conjunto #2
Codigo: 13 esta na raiz.
Codigo: 39 esta no nivel 1 direita.
Codigo: 47 esta na raiz.
Codigo: 70 esta no nivel 2 esquerda.
Codigo: 37 esta no nivel 2 esquerda.
Codigo: 5 esta no nivel 2 direita.
Codigo: 93 esta no nivel 2 direita.
Codigo: 49 esta no nivel 3 esquerda.
Codigo: 44 esta no nivel 3 direita.
Codigo: 73 esta no nivel 3 esquerda.

Conjunto #3
Nome: nu esta na raiz.
Nome: gh esta no nivel 1 direita.
Nome: or esta no nivel 1 esquerda.
Nome: bn esta no nivel 2 esquerda.
Nome: vy esta no nivel 2 direita.
Nome: vs esta no nivel 2 esquerda.
Nome: ob esta no nivel 1 direita.
Nome: ht esta no nivel 3 direita.
Nome: na esta no nivel 3 direita.
Nome: ii esta no nivel 2 direita.

Conjunto #4
Nome: nb esta na raiz.
Nome: bq esta no nivel 1 direita.
Nome: dy esta no nivel 1 direita.
Nome: cm esta no nivel 2 direita.
Nome: ib esta no nivel 2 esquerda.
Nome: tk esta no nivel 2 esquerda.
Nome: fj esta no nivel 3 esquerda.
Nome: pe esta no nivel 2 direita.
Nome: hy esta no nivel 3 direita.
Professor ja existe!

Conjunto #5
Nome: hs esta na raiz.
Nome: hk esta no nivel 1 esquerda.
Nome: ze esta no nivel 1 esquerda.
Nome: ub esta no nivel 2 direita.
Nome: gh esta no nivel 2 esquerda.
Nome: bw esta no nivel 2 direita.
Nome: bc esta no nivel 3 direita.
Nome: mk esta no nivel 2 esquerda.
Nome: co esta no nivel 3 esquerda.
Nome: yr esta no nivel 3 esquerda.

Conjunto #6
Nome: zj esta na raiz.
Nome: bw esta no nivel 1 esquerda.
Nome: qt esta no nivel 1 direita.
Nome: nm esta no nivel 2 esquerda.
Nome: du esta no nivel 2 direita.
Nome: by esta no nivel 2 direita.
Nome: oe esta no nivel 3 direita.
Nome: ap esta no nivel 1 esquerda.
Nome: ax esta no nivel 3 esquerda.
Nome: vl esta no nivel 3 esquerda.

Conjunto #7
Codigo: 27 esta na raiz.
Codigo: 93 esta no nivel 1 direita.
Codigo: 9 esta na raiz.
Codigo: 5 esta no nivel 2 esquerda.
Codigo: 62 esta no nivel 2 direita.
Codigo: 99 esta no nivel 1 direita.
Codigo: 7 esta no nivel 2 esquerda.
Codigo: 33 esta no nivel 3 esquerda.
Codigo: 44 esta no nivel 3 esquerda.
Codigo: 81 esta no nivel 3 direita.

Conjunto #8
Nome: sz esta na raiz.
Nome: el esta no nivel 1 esquerda.
Nome: sh esta na raiz.
Nome: xf esta no nivel 2 esquerda.
Nome: tq esta no nivel 2 direita.
Nome: yb esta no nivel 1 esquerda.
Nome: zq esta no nivel 2 direita.
Nome: wd esta no nivel 3 direita.
Nome: et esta no nivel 3 esquerda.
Nome: ek esta no nivel 3 esquerda.

Conjunto #9
Nome: ra esta na raiz.
Nome: re esta no nivel 1 direita.
Nome: zr esta na raiz.
Nome: ro esta no nivel 2 direita.
Nome: ks esta no nivel 2 esquerda.
Nome: jv esta no nivel 2 direita.
Nome: kf esta no nivel 2 esquerda.
Nome: jg esta no nivel 3 direita.
Nome: gf esta no nivel 3 direita.
Nome: jx esta no nivel 3 direita.

Conjunto #10
Codigo: 21 esta na raiz.
Codigo: 55 esta no nivel 1 esquerda.
Codigo: 64 esta no nivel 1 direita.
Codigo: 7 esta no nivel 2 esquerda.
Codigo: 30 esta no nivel 2 esquerda.
Codigo: 70 esta no nivel 2 esquerda.
Codigo: 49 esta no nivel 3 esquerda.
Codigo: 5 esta no nivel 3 esquerda.
Codigo: 36 esta no nivel 2 esquerda.
Codigo: 21 esta no nivel 2 direita.

