This file contains any messages produced by compilers while
running configure, to aid debugging if configure makes a mistake.

It was created by configure, which was
generated by GNU Autoconf 2.57.  Invocation command line was

  $ ./configure 

## --------- ##
## Platform. ##
## --------- ##

hostname = c2c06.cin.ufpe.br
uname -m = i686
uname -r = 2.4.21-37.EL
uname -s = Linux
uname -v = #1 Wed Sep 28 14:33:26 EDT 2005

/usr/bin/uname -p = unknown
/bin/uname -X     = unknown

/bin/arch              = i686
/usr/bin/arch -k       = unknown
/usr/convex/getsysinfo = unknown
hostinfo               = unknown
/bin/machine           = unknown
/usr/bin/oslevel       = unknown
/bin/universe          = unknown

PATH: /usr/kerberos/bin
PATH: /usr/local/bin
PATH: /usr/bin
PATH: /bin
PATH: /usr/X11R6/bin
PATH: /usr/java/jdk1.6.0/bin
PATH: /var/cfengine/sbin
PATH: /opt/eclipse
PATH: /opt/apache-ant-1.6.5/bin
PATH: /opt/env_scripts
PATH: /home/vak/bin
PATH: /usr/java/jdk1.6.0/bin
PATH: /var/cfengine/sbin
PATH: /opt/eclipse
PATH: /opt/apache-ant-1.6.5/bin
PATH: /opt/env_scripts


## ----------- ##
## Core tests. ##
## ----------- ##

configure:1315: checking for a BSD-compatible install
configure:1369: result: /usr/bin/install -c
configure:1380: checking whether build environment is sane
configure:1423: result: yes
configure:1456: checking for gawk
configure:1472: found /usr/bin/gawk
configure:1482: result: gawk
configure:1492: checking whether make sets $(MAKE)
configure:1512: result: yes
configure:1657: checking whether to enable maintainer-specific portions of Makefiles
configure:1666: result: no
configure:1708: checking for style of include used by make
configure:1736: result: GNU
configure:1807: checking for gcc
configure:1823: found /usr/bin/gcc
configure:1833: result: gcc
configure:2077: checking for C compiler version
configure:2080: gcc --version </dev/null >&5
gcc (GCC) 3.2.3 20030502 (Red Hat Linux 3.2.3-53)
Copyright (C) 2002 Free Software Foundation, Inc.
This is free software; see the source for copying conditions.  There is NO
warranty; not even for MERCHANTABILITY or FITNESS FOR A PARTICULAR PURPOSE.

configure:2083: $? = 0
configure:2085: gcc -v </dev/null >&5
Reading specs from /usr/lib/gcc-lib/i386-redhat-linux/3.2.3/specs
Configured with: ../configure --prefix=/usr --mandir=/usr/share/man --infodir=/usr/share/info --enable-shared --enable-threads=posix --disable-checking --with-system-zlib --enable-__cxa_atexit --host=i386-redhat-linux
Thread model: posix
gcc version 3.2.3 20030502 (Red Hat Linux 3.2.3-53)
configure:2088: $? = 0
configure:2090: gcc -V </dev/null >&5
gcc: argument to `-V' is missing
configure:2093: $? = 1
configure:2117: checking for C compiler default output
configure:2120: gcc    conftest.c  >&5
configure:2123: $? = 0
configure:2169: result: a.out
configure:2174: checking whether the C compiler works
configure:2180: ./a.out
configure:2183: $? = 0
configure:2200: result: yes
configure:2207: checking whether we are cross compiling
configure:2209: result: no
configure:2212: checking for suffix of executables
configure:2214: gcc -o conftest    conftest.c  >&5
configure:2217: $? = 0
configure:2242: result: 
configure:2248: checking for suffix of object files
configure:2270: gcc -c   conftest.c >&5
configure:2273: $? = 0
configure:2295: result: o
configure:2299: checking whether we are using the GNU C compiler
configure:2324: gcc -c   conftest.c >&5
configure:2327: $? = 0
configure:2330: test -s conftest.o
configure:2333: $? = 0
configure:2346: result: yes
configure:2352: checking whether gcc accepts -g
configure:2374: gcc -c -g  conftest.c >&5
configure:2377: $? = 0
configure:2380: test -s conftest.o
configure:2383: $? = 0
configure:2394: result: yes
configure:2411: checking for gcc option to accept ANSI C
configure:2472: gcc  -c -g -O2  conftest.c >&5
configure:2475: $? = 0
configure:2478: test -s conftest.o
configure:2481: $? = 0
configure:2499: result: none needed
configure:2517: gcc -c -g -O2  conftest.c >&5
conftest.c:2: syntax error before "me"
configure:2520: $? = 1
configure: failed program was:
| #ifndef __cplusplus
|   choke me
| #endif
configure:2631: checking dependency style of gcc
configure:2693: result: gcc3
configure:2700: checking for strerror in -lcposix
configure:2731: gcc -o conftest -g -O2   conftest.c -lcposix   >&5
/usr/bin/ld: cannot find -lcposix
collect2: ld returned 1 exit status
configure:2734: $? = 1
configure: failed program was:
| #line 2707 "configure"
| /* confdefs.h.  */
| 
| #define PACKAGE_NAME ""
| #define PACKAGE_TARNAME ""
| #define PACKAGE_VERSION ""
| #define PACKAGE_STRING ""
| #define PACKAGE_BUGREPORT ""
| #define PACKAGE "bsplines"
| #define VERSION "0.1"
| /* end confdefs.h.  */
| 
| /* Override any gcc2 internal prototype to avoid an error.  */
| #ifdef __cplusplus
| extern "C"
| #endif
| /* We use char because int might match the return type of a gcc2
|    builtin and then its argument prototype would still apply.  */
| char strerror ();
| int
| main ()
| {
| strerror ();
|   ;
|   return 0;
| }
configure:2752: result: no
configure:2806: checking for gcc
configure:2832: result: gcc
configure:3076: checking for C compiler version
configure:3079: gcc --version </dev/null >&5
gcc (GCC) 3.2.3 20030502 (Red Hat Linux 3.2.3-53)
Copyright (C) 2002 Free Software Foundation, Inc.
This is free software; see the source for copying conditions.  There is NO
warranty; not even for MERCHANTABILITY or FITNESS FOR A PARTICULAR PURPOSE.

configure:3082: $? = 0
configure:3084: gcc -v </dev/null >&5
Reading specs from /usr/lib/gcc-lib/i386-redhat-linux/3.2.3/specs
Configured with: ../configure --prefix=/usr --mandir=/usr/share/man --infodir=/usr/share/info --enable-shared --enable-threads=posix --disable-checking --with-system-zlib --enable-__cxa_atexit --host=i386-redhat-linux
Thread model: posix
gcc version 3.2.3 20030502 (Red Hat Linux 3.2.3-53)
configure:3087: $? = 0
configure:3089: gcc -V </dev/null >&5
gcc: argument to `-V' is missing
configure:3092: $? = 1
configure:3095: checking whether we are using the GNU C compiler
configure:3142: result: yes
configure:3148: checking whether gcc accepts -g
configure:3190: result: yes
configure:3207: checking for gcc option to accept ANSI C
configure:3295: result: none needed
configure:3313: gcc -c -g -O2  conftest.c >&5
conftest.c:2: syntax error before "me"
configure:3316: $? = 1
configure: failed program was:
| #ifndef __cplusplus
|   choke me
| #endif
configure:3427: checking dependency style of gcc
configure:3489: result: gcc3
configure:3546: checking for g++
configure:3562: found /usr/bin/g++
configure:3572: result: g++
configure:3588: checking for C++ compiler version
configure:3591: g++ --version </dev/null >&5
g++ (GCC) 3.2.3 20030502 (Red Hat Linux 3.2.3-53)
Copyright (C) 2002 Free Software Foundation, Inc.
This is free software; see the source for copying conditions.  There is NO
warranty; not even for MERCHANTABILITY or FITNESS FOR A PARTICULAR PURPOSE.

configure:3594: $? = 0
configure:3596: g++ -v </dev/null >&5
Reading specs from /usr/lib/gcc-lib/i386-redhat-linux/3.2.3/specs
Configured with: ../configure --prefix=/usr --mandir=/usr/share/man --infodir=/usr/share/info --enable-shared --enable-threads=posix --disable-checking --with-system-zlib --enable-__cxa_atexit --host=i386-redhat-linux
Thread model: posix
gcc version 3.2.3 20030502 (Red Hat Linux 3.2.3-53)
configure:3599: $? = 0
configure:3601: g++ -V </dev/null >&5
g++: argument to `-V' missing

configure:3604: $? = 1
configure:3607: checking whether we are using the GNU C++ compiler
configure:3632: g++ -c   conftest.cc >&5
configure:3635: $? = 0
configure:3638: test -s conftest.o
configure:3641: $? = 0
configure:3654: result: yes
configure:3660: checking whether g++ accepts -g
configure:3682: g++ -c -g  conftest.cc >&5
configure:3685: $? = 0
configure:3688: test -s conftest.o
configure:3691: $? = 0
configure:3702: result: yes
configure:3746: g++ -c -g -O2  conftest.cc >&5
configure:3749: $? = 0
configure:3752: test -s conftest.o
configure:3755: $? = 0
configure:3782: g++ -c -g -O2  conftest.cc >&5
configure: In function `int main()':
configure:3779: `exit' undeclared (first use this function)
configure:3779: (Each undeclared identifier is reported only once for each 
   function it appears in.)
configure:3785: $? = 1
configure: failed program was:
| #line 3765 "configure"
| /* confdefs.h.  */
| 
| #define PACKAGE_NAME ""
| #define PACKAGE_TARNAME ""
| #define PACKAGE_VERSION ""
| #define PACKAGE_STRING ""
| #define PACKAGE_BUGREPORT ""
| #define PACKAGE "bsplines"
| #define VERSION "0.1"
| /* end confdefs.h.  */
| 
| int
| main ()
| {
| exit (42);
|   ;
|   return 0;
| }
configure:3746: g++ -c -g -O2  conftest.cc >&5
configure:3749: $? = 0
configure:3752: test -s conftest.o
configure:3755: $? = 0
configure:3782: g++ -c -g -O2  conftest.cc >&5
configure:3785: $? = 0
configure:3788: test -s conftest.o
configure:3791: $? = 0
configure:3816: checking dependency style of g++
configure:3878: result: gcc3
configure:3886: checking for gcc option to accept ANSI C
configure:3950: gcc  -c -g -O2  conftest.c >&5
configure:3953: $? = 0
configure:3956: test -s conftest.o
configure:3959: $? = 0
configure:3974: result: none needed
configure:3990: checking how to run the C preprocessor
configure:4026: gcc -E  conftest.c
configure:4032: $? = 0
configure:4064: gcc -E  conftest.c
configure:4068:28: ac_nonexistent.h: No such file or directory
configure:4070: $? = 1
configure: failed program was:
| #line 4055 "configure"
| /* confdefs.h.  */
| 
| #define PACKAGE_NAME ""
| #define PACKAGE_TARNAME ""
| #define PACKAGE_VERSION ""
| #define PACKAGE_STRING ""
| #define PACKAGE_BUGREPORT ""
| #define PACKAGE "bsplines"
| #define VERSION "0.1"
| #ifdef __cplusplus
| #include <stdlib.h>
| #endif
| /* end confdefs.h.  */
| #include <ac_nonexistent.h>
configure:4108: result: gcc -E
configure:4133: gcc -E  conftest.c
configure:4139: $? = 0
configure:4171: gcc -E  conftest.c
configure:4175:28: ac_nonexistent.h: No such file or directory
configure:4177: $? = 1
configure: failed program was:
| #line 4162 "configure"
| /* confdefs.h.  */
| 
| #define PACKAGE_NAME ""
| #define PACKAGE_TARNAME ""
| #define PACKAGE_VERSION ""
| #define PACKAGE_STRING ""
| #define PACKAGE_BUGREPORT ""
| #define PACKAGE "bsplines"
| #define VERSION "0.1"
| #ifdef __cplusplus
| #include <stdlib.h>
| #endif
| /* end confdefs.h.  */
| #include <ac_nonexistent.h>
configure:4220: checking for egrep
configure:4230: result: grep -E
configure:4235: checking for ANSI C header files
configure:4261: gcc -c -g -O2  conftest.c >&5
configure:4264: $? = 0
configure:4267: test -s conftest.o
configure:4270: $? = 0
configure:4359: gcc -o conftest -g -O2   conftest.c  >&5
configure:4362: $? = 0
configure:4364: ./conftest
configure:4367: $? = 0
configure:4382: result: yes
configure:4400: checking for pkg-config
configure:4418: found /usr/bin/pkg-config
configure:4431: result: /usr/bin/pkg-config
configure:4448: checking for libgnomeui-2.0
configure:4452: result: yes
configure:4456: checking PACKAGE_CFLAGS
configure:4459: result: -DORBIT2=1 -pthread -I/usr/include/libgnomeui-2.0 -I/usr/include/libgnome-2.0 -I/usr/include/libgnomecanvas-2.0 -I/usr/include/gtk-2.0 -I/usr/include/libart-2.0 -I/usr/include/gconf/2 -I/usr/include/libbonoboui-2.0 -I/usr/include/glib-2.0 -I/usr/lib/glib-2.0/include -I/usr/include/orbit-2.0 -I/usr/include/libbonobo-2.0 -I/usr/include/gnome-vfs-2.0 -I/usr/lib/gnome-vfs-2.0/include -I/usr/include/linc-1.0 -I/usr/include/bonobo-activation-2.0 -I/usr/include/pango-1.0 -I/usr/include/freetype2 -I/usr/lib/gtk-2.0/include -I/usr/include/atk-1.0 -I/usr/X11R6/include -I/usr/include/libxml2  
configure:4462: checking PACKAGE_LIBS
configure:4465: result: -pthread -Wl,--export-dynamic -L/usr/X11R6/lib -lgnomeui-2 -lSM -lICE -lbonoboui-2 -lxml2 -lpthread -lz -lgnomecanvas-2 -lgnome-2 -lart_lgpl_2 -lpangoft2-1.0 -lgtk-x11-2.0 -lgdk-x11-2.0 -latk-1.0 -lgdk_pixbuf-2.0 -lpangoxft-1.0 -lpangox-1.0 -lpango-1.0 -lbonobo-2 -lgconf-2 -lgnomevfs-2 -lbonobo-activation -lORBit-2 -lm -llinc -lgmodule-2.0 -ldl -lgobject-2.0 -lgthread-2.0 -lglib-2.0  
configure:4517: checking for sys/types.h
configure:4534: gcc -c -g -O2  conftest.c >&5
configure:4537: $? = 0
configure:4540: test -s conftest.o
configure:4543: $? = 0
configure:4554: result: yes
configure:4517: checking for sys/stat.h
configure:4534: gcc -c -g -O2  conftest.c >&5
configure:4537: $? = 0
configure:4540: test -s conftest.o
configure:4543: $? = 0
configure:4554: result: yes
configure:4517: checking for stdlib.h
configure:4534: gcc -c -g -O2  conftest.c >&5
configure:4537: $? = 0
configure:4540: test -s conftest.o
configure:4543: $? = 0
configure:4554: result: yes
configure:4517: checking for string.h
configure:4534: gcc -c -g -O2  conftest.c >&5
configure:4537: $? = 0
configure:4540: test -s conftest.o
configure:4543: $? = 0
configure:4554: result: yes
configure:4517: checking for memory.h
configure:4534: gcc -c -g -O2  conftest.c >&5
configure:4537: $? = 0
configure:4540: test -s conftest.o
configure:4543: $? = 0
configure:4554: result: yes
configure:4517: checking for strings.h
configure:4534: gcc -c -g -O2  conftest.c >&5
configure:4537: $? = 0
configure:4540: test -s conftest.o
configure:4543: $? = 0
configure:4554: result: yes
configure:4517: checking for inttypes.h
configure:4534: gcc -c -g -O2  conftest.c >&5
configure:4537: $? = 0
configure:4540: test -s conftest.o
configure:4543: $? = 0
configure:4554: result: yes
configure:4517: checking for stdint.h
configure:4534: gcc -c -g -O2  conftest.c >&5
configure:4537: $? = 0
configure:4540: test -s conftest.o
configure:4543: $? = 0
configure:4554: result: yes
configure:4517: checking for unistd.h
configure:4534: gcc -c -g -O2  conftest.c >&5
configure:4537: $? = 0
configure:4540: test -s conftest.o
configure:4543: $? = 0
configure:4554: result: yes
configure:4581: checking locale.h usability
configure:4594: gcc -c -g -O2  conftest.c >&5
configure:4597: $? = 0
configure:4600: test -s conftest.o
configure:4603: $? = 0
configure:4613: result: yes
configure:4617: checking locale.h presence
configure:4628: gcc -E  conftest.c
configure:4634: $? = 0
configure:4653: result: yes
configure:4689: checking for locale.h
configure:4696: result: yes
configure:4710: checking for LC_MESSAGES
configure:4732: gcc -o conftest -g -O2   conftest.c  >&5
configure:4735: $? = 0
configure:4738: test -s conftest
configure:4741: $? = 0
configure:4752: result: yes
configure:4781: checking libintl.h usability
configure:4794: gcc -c -g -O2  conftest.c >&5
configure:4797: $? = 0
configure:4800: test -s conftest.o
configure:4803: $? = 0
configure:4813: result: yes
configure:4817: checking libintl.h presence
configure:4828: gcc -E  conftest.c
configure:4834: $? = 0
configure:4853: result: yes
configure:4889: checking for libintl.h
configure:4896: result: yes
configure:4907: checking for dgettext in libc
configure:4931: gcc -o conftest -g -O2   conftest.c  >&5
configure:4934: $? = 0
configure:4937: test -s conftest
configure:4940: $? = 0
configure:4952: result: yes
configure:4960: checking for bind_textdomain_codeset
configure:5010: gcc -o conftest -g -O2   conftest.c  >&5
configure:5013: $? = 0
configure:5016: test -s conftest
configure:5019: $? = 0
configure:5030: result: yes
configure:5354: checking for msgfmt
configure:5381: result: /usr/bin/msgfmt
configure:5394: checking for dcgettext
configure:5444: gcc -o conftest -g -O2   conftest.c   >&5
configure:5447: $? = 0
configure:5450: test -s conftest
configure:5453: $? = 0
configure:5464: result: yes
configure:5476: checking for gmsgfmt
configure:5507: result: /usr/bin/msgfmt
configure:5516: checking for xgettext
configure:5543: result: /usr/bin/xgettext
configure:5568: gcc -o conftest -g -O2   conftest.c   >&5
configure:5571: $? = 0
configure:5574: test -s conftest
configure:5577: $? = 0
configure:5899: creating ./config.status

## ---------------------- ##
## Running config.status. ##
## ---------------------- ##

This file was extended by config.status, which was
generated by GNU Autoconf 2.57.  Invocation command line was

  CONFIG_FILES    = 
  CONFIG_HEADERS  = 
  CONFIG_LINKS    = 
  CONFIG_COMMANDS = 
  $ ./config.status 

on c2c06.cin.ufpe.br

config.status:678: creating Makefile
config.status:678: creating src/Makefile
config.status:678: creating po/Makefile.in
config.status:782: creating config.h
config.status:901: config.h is unchanged
config.status:1007: executing depfiles commands
config.status:1007: executing default-1 commands

## ---------------- ##
## Cache variables. ##
## ---------------- ##

ac_cv_c_compiler_gnu=yes
ac_cv_cxx_compiler_gnu=yes
ac_cv_env_CC_set=
ac_cv_env_CC_value=
ac_cv_env_CFLAGS_set=
ac_cv_env_CFLAGS_value=
ac_cv_env_CPPFLAGS_set=
ac_cv_env_CPPFLAGS_value=
ac_cv_env_CPP_set=
ac_cv_env_CPP_value=
ac_cv_env_CXXFLAGS_set=
ac_cv_env_CXXFLAGS_value=
ac_cv_env_CXX_set=
ac_cv_env_CXX_value=
ac_cv_env_LDFLAGS_set=
ac_cv_env_LDFLAGS_value=
ac_cv_env_build_alias_set=
ac_cv_env_build_alias_value=
ac_cv_env_host_alias_set=
ac_cv_env_host_alias_value=
ac_cv_env_target_alias_set=
ac_cv_env_target_alias_value=
ac_cv_exeext=
ac_cv_func_bind_textdomain_codeset=yes
ac_cv_func_dcgettext=yes
ac_cv_header_inttypes_h=yes
ac_cv_header_libintl_h=yes
ac_cv_header_locale_h=yes
ac_cv_header_memory_h=yes
ac_cv_header_stdc=yes
ac_cv_header_stdint_h=yes
ac_cv_header_stdlib_h=yes
ac_cv_header_string_h=yes
ac_cv_header_strings_h=yes
ac_cv_header_sys_stat_h=yes
ac_cv_header_sys_types_h=yes
ac_cv_header_unistd_h=yes
ac_cv_lib_cposix_strerror=no
ac_cv_objext=o
ac_cv_path_GMSGFMT=/usr/bin/msgfmt
ac_cv_path_MSGFMT=/usr/bin/msgfmt
ac_cv_path_PKG_CONFIG=/usr/bin/pkg-config
ac_cv_path_XGETTEXT=/usr/bin/xgettext
ac_cv_path_install='/usr/bin/install -c'
ac_cv_prog_AWK=gawk
ac_cv_prog_CPP='gcc -E'
ac_cv_prog_ac_ct_CC=gcc
ac_cv_prog_ac_ct_CXX=g++
ac_cv_prog_cc_g=yes
ac_cv_prog_cc_stdc=
ac_cv_prog_cxx_g=yes
ac_cv_prog_egrep='grep -E'
ac_cv_prog_make_make_set=yes
am_cv_CC_dependencies_compiler_type=gcc3
am_cv_CXX_dependencies_compiler_type=gcc3
am_cv_prog_cc_stdc=
am_cv_val_LC_MESSAGES=yes
gt_cv_func_dgettext_libc=yes
gt_cv_func_dgettext_libintl=no
gt_cv_have_gettext=yes

## ----------------- ##
## Output variables. ##
## ----------------- ##

ACLOCAL='${SHELL} /home/vak/bsplines/missing --run aclocal-1.6'
AMDEPBACKSLASH='\'
AMDEP_FALSE='#'
AMDEP_TRUE=''
AMTAR='${SHELL} /home/vak/bsplines/missing --run tar'
AUTOCONF='${SHELL} /home/vak/bsplines/missing --run autoconf'
AUTOHEADER='${SHELL} /home/vak/bsplines/missing --run autoheader'
AUTOMAKE='${SHELL} /home/vak/bsplines/missing --run automake-1.6'
AWK='gawk'
CATALOGS=''
CATOBJEXT='.gmo'
CC='gcc'
CCDEPMODE='depmode=gcc3'
CFLAGS='-g -O2'
CPP='gcc -E'
CPPFLAGS=''
CXX='g++'
CXXDEPMODE='depmode=gcc3'
CXXFLAGS='-g -O2'
DATADIRNAME='share'
DEFS='-DHAVE_CONFIG_H'
DEPDIR='.deps'
ECHO_C=''
ECHO_N='-n'
ECHO_T=''
EGREP='grep -E'
EXEEXT=''
GETTEXT_PACKAGE='bsplines'
GMOFILES=''
GMSGFMT='/usr/bin/msgfmt'
INSTALL_DATA='${INSTALL} -m 644'
INSTALL_PROGRAM='${INSTALL}'
INSTALL_SCRIPT='${INSTALL}'
INSTALL_STRIP_PROGRAM='${SHELL} $(install_sh) -c -s'
INSTOBJEXT='.mo'
INTLLIBS=''
LDFLAGS=''
LIBOBJS=''
LIBS=''
LTLIBOBJS=''
MAINT='#'
MAINTAINER_MODE_FALSE=''
MAINTAINER_MODE_TRUE='#'
MAKEINFO='${SHELL} /home/vak/bsplines/missing --run makeinfo'
MKINSTALLDIRS='./mkinstalldirs'
MSGFMT='/usr/bin/msgfmt'
OBJEXT='o'
PACKAGE='bsplines'
PACKAGE_BUGREPORT=''
PACKAGE_CFLAGS='-DORBIT2=1 -pthread -I/usr/include/libgnomeui-2.0 -I/usr/include/libgnome-2.0 -I/usr/include/libgnomecanvas-2.0 -I/usr/include/gtk-2.0 -I/usr/include/libart-2.0 -I/usr/include/gconf/2 -I/usr/include/libbonoboui-2.0 -I/usr/include/glib-2.0 -I/usr/lib/glib-2.0/include -I/usr/include/orbit-2.0 -I/usr/include/libbonobo-2.0 -I/usr/include/gnome-vfs-2.0 -I/usr/lib/gnome-vfs-2.0/include -I/usr/include/linc-1.0 -I/usr/include/bonobo-activation-2.0 -I/usr/include/pango-1.0 -I/usr/include/freetype2 -I/usr/lib/gtk-2.0/include -I/usr/include/atk-1.0 -I/usr/X11R6/include -I/usr/include/libxml2  '
PACKAGE_LIBS='-pthread -Wl,--export-dynamic -L/usr/X11R6/lib -lgnomeui-2 -lSM -lICE -lbonoboui-2 -lxml2 -lpthread -lz -lgnomecanvas-2 -lgnome-2 -lart_lgpl_2 -lpangoft2-1.0 -lgtk-x11-2.0 -lgdk-x11-2.0 -latk-1.0 -lgdk_pixbuf-2.0 -lpangoxft-1.0 -lpangox-1.0 -lpango-1.0 -lbonobo-2 -lgconf-2 -lgnomevfs-2 -lbonobo-activation -lORBit-2 -lm -llinc -lgmodule-2.0 -ldl -lgobject-2.0 -lgthread-2.0 -lglib-2.0  '
PACKAGE_NAME=''
PACKAGE_STRING=''
PACKAGE_TARNAME=''
PACKAGE_VERSION=''
PATH_SEPARATOR=':'
PKG_CONFIG='/usr/bin/pkg-config'
POFILES=''
POSUB='po'
PO_IN_DATADIR_FALSE=''
PO_IN_DATADIR_TRUE=''
SET_MAKE=''
SHELL='/bin/sh'
STRIP=''
USE_NLS='yes'
VERSION='0.1'
XGETTEXT='/usr/bin/xgettext'
ac_ct_CC='gcc'
ac_ct_CXX='g++'
ac_ct_STRIP=''
am__include='include'
am__quote=''
bindir='${exec_prefix}/bin'
build_alias=''
datadir='${prefix}/share'
exec_prefix='${prefix}'
host_alias=''
includedir='${prefix}/include'
infodir='${prefix}/info'
install_sh='/home/vak/bsplines/install-sh'
libdir='${exec_prefix}/lib'
libexecdir='${exec_prefix}/libexec'
localstatedir='${prefix}/var'
mandir='${prefix}/man'
oldincludedir='/usr/include'
prefix='/usr/local'
program_transform_name='s,x,x,'
sbindir='${exec_prefix}/sbin'
sharedstatedir='${prefix}/com'
sysconfdir='${prefix}/etc'
target_alias=''

## ----------- ##
## confdefs.h. ##
## ----------- ##

#define ENABLE_NLS 1
#define GETTEXT_PACKAGE "bsplines"
#define HAVE_BIND_TEXTDOMAIN_CODESET 1
#define HAVE_DCGETTEXT 1
#define HAVE_GETTEXT 1
#define HAVE_INTTYPES_H 1
#define HAVE_LC_MESSAGES 1
#define HAVE_LOCALE_H 1
#define HAVE_MEMORY_H 1
#define HAVE_STDINT_H 1
#define HAVE_STDLIB_H 1
#define HAVE_STRINGS_H 1
#define HAVE_STRING_H 1
#define HAVE_SYS_STAT_H 1
#define HAVE_SYS_TYPES_H 1
#define HAVE_UNISTD_H 1
#define PACKAGE "bsplines"
#define PACKAGE_BUGREPORT ""
#define PACKAGE_NAME ""
#define PACKAGE_STRING ""
#define PACKAGE_TARNAME ""
#define PACKAGE_VERSION ""
#define STDC_HEADERS 1
#define VERSION "0.1"
#endif
#ifdef __cplusplus
#include <stdlib.h>

configure: exit 0
